Debug|Reading config...
Debug|Reading referenced images from 'C:\cygwin64\home\Alexander_Pruss\miband5'
Trace|Loading resources for 2 'Background'
Trace|Loading resources for 3 'Time'
Trace|Loading resources for 3.1 'TwoDigits'
Trace|Loading resources for 3.1.1 'ImageSet'
Trace|Loading image 11...
Trace|Image was loaded from file C:\cygwin64\home\Alexander_Pruss\miband5\0011.png
Trace|Loading image 12...
Trace|Image was loaded from file C:\cygwin64\home\Alexander_Pruss\miband5\0012.png
Trace|Loading image 13...
Trace|Image was loaded from file C:\cygwin64\home\Alexander_Pruss\miband5\0013.png
Trace|Loading image 14...
Trace|Image was loaded from file C:\cygwin64\home\Alexander_Pruss\miband5\0014.png
Trace|Loading image 15...
Trace|Image was loaded from file C:\cygwin64\home\Alexander_Pruss\miband5\0015.png
Trace|Loading image 16...
Trace|Image was loaded from file C:\cygwin64\home\Alexander_Pruss\miband5\0016.png
Trace|Loading image 17...
Trace|Image was loaded from file C:\cygwin64\home\Alexander_Pruss\miband5\0017.png
Trace|Loading image 18...
Trace|Image was loaded from file C:\cygwin64\home\Alexander_Pruss\miband5\0018.png
Trace|Loading image 19...
Trace|Image was loaded from file C:\cygwin64\home\Alexander_Pruss\miband5\0019.png
Trace|Loading image 20...
Trace|Image was loaded from file C:\cygwin64\home\Alexander_Pruss\miband5\0020.png
Trace|Loading resources for 3.1.2 'ImageSet'
Trace|Loading image 1...
Trace|Image was loaded from file C:\cygwin64\home\Alexander_Pruss\miband5\0001.png
Trace|Loading image 2...
Trace|Image was loaded from file C:\cygwin64\home\Alexander_Pruss\miband5\0002.png
Trace|Loading image 3...
Trace|Image was loaded from file C:\cygwin64\home\Alexander_Pruss\miband5\0003.png
Trace|Loading image 4...
Trace|Image was loaded from file C:\cygwin64\home\Alexander_Pruss\miband5\0004.png
Trace|Loading image 5...
Trace|Image was loaded from file C:\cygwin64\home\Alexander_Pruss\miband5\0005.png
Trace|Loading image 6...
Trace|Image was loaded from file C:\cygwin64\home\Alexander_Pruss\miband5\0006.png
Trace|Loading image 7...
Trace|Image was loaded from file C:\cygwin64\home\Alexander_Pruss\miband5\0007.png
Trace|Loading image 8...
Trace|Image was loaded from file C:\cygwin64\home\Alexander_Pruss\miband5\0008.png
Trace|Loading image 9...
Trace|Image was loaded from file C:\cygwin64\home\Alexander_Pruss\miband5\0009.png
Trace|Loading image 10...
Trace|Image was loaded from file C:\cygwin64\home\Alexander_Pruss\miband5\0010.png
Trace|Loading resources for 3.2 'TwoDigits'
Trace|Loading resources for 3.2.1 'ImageSet'
Trace|Loading resources for 3.2.2 'ImageSet'
Trace|Loading resources for 4 'Activity'
Trace|Loading resources for 4.1 'Steps'
Trace|Loading resources for 4.1.1 'Number'
Trace|Loading resources for 4.1.1.5 'TextAlignment'
Trace|Loading image 51...
Trace|Image was loaded from file C:\cygwin64\home\Alexander_Pruss\miband5\0051.png
Trace|Loading image 52...
Trace|Image was loaded from file C:\cygwin64\home\Alexander_Pruss\miband5\0052.png
Trace|Loading image 53...
Trace|Image was loaded from file C:\cygwin64\home\Alexander_Pruss\miband5\0053.png
Trace|Loading image 54...
Trace|Image was loaded from file C:\cygwin64\home\Alexander_Pruss\miband5\0054.png
Trace|Loading image 55...
Trace|Image was loaded from file C:\cygwin64\home\Alexander_Pruss\miband5\0055.png
Trace|Loading image 56...
Trace|Image was loaded from file C:\cygwin64\home\Alexander_Pruss\miband5\0056.png
Trace|Loading image 57...
Trace|Image was loaded from file C:\cygwin64\home\Alexander_Pruss\miband5\0057.png
Trace|Loading image 58...
Trace|Image was loaded from file C:\cygwin64\home\Alexander_Pruss\miband5\0058.png
Trace|Loading image 59...
Trace|Image was loaded from file C:\cygwin64\home\Alexander_Pruss\miband5\0059.png
Trace|Loading image 60...
Trace|Image was loaded from file C:\cygwin64\home\Alexander_Pruss\miband5\0060.png
Trace|Loading resources for 4.4 'PulseWrapper'
Trace|Loading resources for 4.4.1 'Number'
Trace|Loading resources for 4.4.1.5 'TextAlignment'
Trace|Loading image 31...
Trace|Image was loaded from file C:\cygwin64\home\Alexander_Pruss\miband5\0031.png
Trace|Loading image 32...
Trace|Image was loaded from file C:\cygwin64\home\Alexander_Pruss\miband5\0032.png
Trace|Loading image 33...
Trace|Image was loaded from file C:\cygwin64\home\Alexander_Pruss\miband5\0033.png
Trace|Loading image 34...
Trace|Image was loaded from file C:\cygwin64\home\Alexander_Pruss\miband5\0034.png
Trace|Loading image 35...
Trace|Image was loaded from file C:\cygwin64\home\Alexander_Pruss\miband5\0035.png
Trace|Loading image 36...
Trace|Image was loaded from file C:\cygwin64\home\Alexander_Pruss\miband5\0036.png
Trace|Loading image 37...
Trace|Image was loaded from file C:\cygwin64\home\Alexander_Pruss\miband5\0037.png
Trace|Loading image 38...
Trace|Image was loaded from file C:\cygwin64\home\Alexander_Pruss\miband5\0038.png
Trace|Loading image 39...
Trace|Image was loaded from file C:\cygwin64\home\Alexander_Pruss\miband5\0039.png
Trace|Loading image 40...
Trace|Image was loaded from file C:\cygwin64\home\Alexander_Pruss\miband5\0040.png
Trace|Loading resources for 9 'Battery'
Trace|Loading resources for 9.3 'Scale'
Trace|Loading image 61...
Trace|Image was loaded from file C:\cygwin64\home\Alexander_Pruss\miband5\0061.png
Trace|Loading image 62...
Trace|Image was loaded from file C:\cygwin64\home\Alexander_Pruss\miband5\0062.png
Trace|Loading image 63...
Trace|Image was loaded from file C:\cygwin64\home\Alexander_Pruss\miband5\0063.png
Trace|Loading image 64...
Trace|Image was loaded from file C:\cygwin64\home\Alexander_Pruss\miband5\0064.png
Trace|Loading image 65...
Trace|Image was loaded from file C:\cygwin64\home\Alexander_Pruss\miband5\0065.png
Trace|Loading image 66...
Trace|Image was loaded from file C:\cygwin64\home\Alexander_Pruss\miband5\0066.png
Trace|Loading image 67...
Trace|Image was loaded from file C:\cygwin64\home\Alexander_Pruss\miband5\0067.png
Trace|Loading image 68...
Trace|Image was loaded from file C:\cygwin64\home\Alexander_Pruss\miband5\0068.png
Trace|Loading image 69...
Trace|Image was loaded from file C:\cygwin64\home\Alexander_Pruss\miband5\0069.png
Trace|Loading image 70...
Trace|Image was loaded from file C:\cygwin64\home\Alexander_Pruss\miband5\0070.png
Trace|Verifiying Resources...
Trace|Order change, moving1 to 0
Trace|Order change, moving2 to 1
Trace|Order change, moving3 to 2
Trace|Order change, moving4 to 3
Trace|Order change, moving5 to 4
Trace|Order change, moving6 to 5
Trace|Order change, moving7 to 6
Trace|Order change, moving8 to 7
Trace|Order change, moving9 to 8
Trace|Order change, moving10 to 9
Trace|Order change, moving11 to 10
Trace|Order change, moving12 to 11
Trace|Order change, moving13 to 12
Trace|Order change, moving14 to 13
Trace|Order change, moving15 to 14
Trace|Order change, moving16 to 15
Trace|Order change, moving17 to 16
Trace|Order change, moving18 to 17
Trace|Order change, moving19 to 18
Trace|Order change, moving20 to 19
Trace|Order change, moving31 to 20
Trace|Order change, moving32 to 21
Trace|Order change, moving33 to 22
Trace|Order change, moving34 to 23
Trace|Order change, moving35 to 24
Trace|Order change, moving36 to 25
Trace|Order change, moving37 to 26
Trace|Order change, moving38 to 27
Trace|Order change, moving39 to 28
Trace|Order change, moving40 to 29
Trace|Order change, moving51 to 30
Trace|Order change, moving52 to 31
Trace|Order change, moving53 to 32
Trace|Order change, moving54 to 33
Trace|Order change, moving55 to 34
Trace|Order change, moving56 to 35
Trace|Order change, moving57 to 36
Trace|Order change, moving58 to 37
Trace|Order change, moving59 to 38
Trace|Order change, moving60 to 39
Trace|Order change, moving61 to 40
Trace|Order change, moving62 to 41
Trace|Order change, moving63 to 42
Trace|Order change, moving64 to 43
Trace|Order change, moving65 to 44
Trace|Order change, moving66 to 45
Trace|Order change, moving67 to 46
Trace|Order change, moving68 to 47
Trace|Order change, moving69 to 48
Trace|Order change, moving70 to 49
Trace|Building parameters for watch face...
Trace|2.2 'BackgroundColor': 0
Trace|2 'Background'
Trace|3.1.1.1 'X': 4
Trace|3.1.1.2 'Y': 0
Trace|3.1.1.3 'ImageIndex': 10
Trace|3.1.1.4 'ImagesCount': 10
Trace|3.1.1 'Tens'
Trace|3.1.2.1 'X': 64
Trace|3.1.2.2 'Y': 0
Trace|3.1.2.3 'ImageIndex': 0
Trace|3.1.2.4 'ImagesCount': 10
Trace|3.1.2 'Ones'
Trace|3.1 'Hours'
Trace|3.2.1.1 'X': 4
Trace|3.2.1.2 'Y': 90
Trace|3.2.1.3 'ImageIndex': 0
Trace|3.2.1.4 'ImagesCount': 10
Trace|3.2.1 'Tens'
Trace|3.2.2.1 'X': 64
Trace|3.2.2.2 'Y': 90
Trace|3.2.2.3 'ImageIndex': 0
Trace|3.2.2.4 'ImagesCount': 10
Trace|3.2.2 'Ones'
Trace|3.2 'Minutes'
Trace|3.11 'UnknownV11': 0
Trace|3 'Time'
Trace|4.1.1.1 'TopLeftX': 5
Trace|4.1.1.2 'TopLeftY': 202
Trace|4.1.1.3 'BottomRightX': 122
Trace|4.1.1.4 'BottomRightY': 203
Trace|4.1.1.5 'Alignment': 24
Trace|4.1.1.6 'SpacingX': 0
Trace|4.1.1.7 'SpacingY': 0
Trace|4.1.1.8 'ImageIndex': 30
Trace|4.1.1.9 'ImagesCount': 10
Trace|4.1.1 'Number'
Trace|4.1 'Steps'
Trace|4.4.1.1 'TopLeftX': 5
Trace|4.4.1.2 'TopLeftY': 250
Trace|4.4.1.3 'BottomRightX': 122
Trace|4.4.1.4 'BottomRightY': 251
Trace|4.4.1.5 'Alignment': 24
Trace|4.4.1.6 'SpacingX': 0
Trace|4.4.1.7 'SpacingY': 0
Trace|4.4.1.8 'ImageIndex': 20
Trace|4.4.1.9 'ImagesCount': 10
Trace|4.4.1 'Number'
Trace|4.4 'Pulse'
Trace|4.7 'UnknownV7': 0
Trace|4 'Activity'
Trace|9.3.1 'StartImageIndex': 40
Trace|9.3.2 'Segments'
Trace|9.3.2.1 'X': 0
Trace|9.3.2.2 'Y': 188
Trace|9.3.2 'Segments'
Trace|9.3.2.1 'X': 0
Trace|9.3.2.2 'Y': 188
Trace|9.3.2 'Segments'
Trace|9.3.2.1 'X': 0
Trace|9.3.2.2 'Y': 188
Trace|9.3.2 'Segments'
Trace|9.3.2.1 'X': 0
Trace|9.3.2.2 'Y': 188
Trace|9.3.2 'Segments'
Trace|9.3.2.1 'X': 0
Trace|9.3.2.2 'Y': 188
Trace|9.3.2 'Segments'
Trace|9.3.2.1 'X': 0
Trace|9.3.2.2 'Y': 188
Trace|9.3.2 'Segments'
Trace|9.3.2.1 'X': 0
Trace|9.3.2.2 'Y': 188
Trace|9.3.2 'Segments'
Trace|9.3.2.1 'X': 0
Trace|9.3.2.2 'Y': 188
Trace|9.3.2 'Segments'
Trace|9.3.2.1 'X': 0
Trace|9.3.2.2 'Y': 188
Trace|9.3.2 'Segments'
Trace|9.3.2.1 'X': 0
Trace|9.3.2.2 'Y': 188
Trace|9.3 'Linear'
Trace|9 'Battery'
Debug|Generating previews...
Debug|Writing watch face to 'C:\cygwin64\home\Alexander_Pruss\miband5\miband5_packed.bin'
Trace|Encoding parameters...
Trace|Parameter: 2
Trace|2 (10): 0 (00)
Trace|Parameter: 3
Trace|1 (0A):
Trace|    1 (0A):
Trace|        1 (08): 4 (04)
Trace|        2 (10): 0 (00)
Trace|        3 (18): 10 (0A)
Trace|        4 (20): 10 (0A)
Trace|    10 bytes
Trace|    2 (12):
Trace|        1 (08): 64 (40)
Trace|        2 (10): 0 (00)
Trace|        3 (18): 0 (00)
Trace|        4 (20): 10 (0A)
Trace|    10 bytes
Trace|22 bytes
Trace|2 (12):
Trace|    1 (0A):
Trace|        1 (08): 4 (04)
Trace|        2 (10): 90 (5A)
Trace|        3 (18): 0 (00)
Trace|        4 (20): 10 (0A)
Trace|    10 bytes
Trace|    2 (12):
Trace|        1 (08): 64 (40)
Trace|        2 (10): 90 (5A)
Trace|        3 (18): 0 (00)
Trace|        4 (20): 10 (0A)
Trace|    10 bytes
Trace|22 bytes
Trace|11 (58): 0 (00)
Trace|Parameter: 4
Trace|1 (0A):
Trace|    1 (0A):
Trace|        1 (08): 5 (05)
Trace|        2 (10): 202 (CA)
Trace|        3 (18): 122 (7A)
Trace|        4 (20): 203 (CB)
Trace|        5 (28): 24 (18)
Trace|        6 (30): 0 (00)
Trace|        7 (38): 0 (00)
Trace|        8 (40): 30 (1E)
Trace|        9 (48): 10 (0A)
Trace|    22 bytes
Trace|24 bytes
Trace|4 (22):
Trace|    1 (0A):
Trace|        1 (08): 5 (05)
Trace|        2 (10): 250 (FA)
Trace|        3 (18): 122 (7A)
Trace|        4 (20): 251 (FB)
Trace|        5 (28): 24 (18)
Trace|        6 (30): 0 (00)
Trace|        7 (38): 0 (00)
Trace|        8 (40): 20 (14)
Trace|        9 (48): 10 (0A)
Trace|    22 bytes
Trace|24 bytes
Trace|7 (38): 0 (00)
Trace|Parameter: 9
Trace|3 (1A):
Trace|    1 (08): 40 (28)
Trace|    2 (12):
Trace|        1 (08): 0 (00)
Trace|        2 (10): 188 (BC)
Trace|    7 bytes
Trace|    2 (12):
Trace|        1 (08): 0 (00)
Trace|        2 (10): 188 (BC)
Trace|    7 bytes
Trace|    2 (12):
Trace|        1 (08): 0 (00)
Trace|        2 (10): 188 (BC)
Trace|    7 bytes
Trace|    2 (12):
Trace|        1 (08): 0 (00)
Trace|        2 (10): 188 (BC)
Trace|    7 bytes
Trace|    2 (12):
Trace|        1 (08): 0 (00)
Trace|        2 (10): 188 (BC)
Trace|    7 bytes
Trace|    2 (12):
Trace|        1 (08): 0 (00)
Trace|        2 (10): 188 (BC)
Trace|    7 bytes
Trace|    2 (12):
Trace|        1 (08): 0 (00)
Trace|        2 (10): 188 (BC)
Trace|    7 bytes
Trace|    2 (12):
Trace|        1 (08): 0 (00)
Trace|        2 (10): 188 (BC)
Trace|    7 bytes
Trace|    2 (12):
Trace|        1 (08): 0 (00)
Trace|        2 (10): 188 (BC)
Trace|    7 bytes
Trace|    2 (12):
Trace|        1 (08): 0 (00)
Trace|        2 (10): 188 (BC)
Trace|    7 bytes
Trace|74 bytes
Trace|Encoding offsets and lengths...
Trace|1 (0A):
Trace|    1 (08): 172 (AC)
Trace|    2 (10): 50 (32)
Trace|7 bytes
Trace|2 (12):
Trace|    1 (08): 0 (00)
Trace|    2 (10): 2 (02)
Trace|6 bytes
Trace|3 (1A):
Trace|    1 (08): 2 (02)
Trace|    2 (10): 46 (2E)
Trace|6 bytes
Trace|4 (22):
Trace|    1 (08): 48 (30)
Trace|    2 (10): 50 (32)
Trace|6 bytes
Trace|9 (4A):
Trace|    1 (08): 98 (62)
Trace|    2 (10): 74 (4A)
Trace|6 bytes
Trace|Writing header...
Trace|Writing parameters offsets and lengths...
Trace|Writing parameters...
Trace|Writing images...
Trace|Resource 0 offset is 0...
Debug|Encoding resource 0...
Trace|Writing image in Raw mode
Trace|Transparency image...
Trace|Writing image header...
Trace|Width: 60, Height: 85, RowLength: 180
Trace|BPP: 24, PaletteColors: 0, Transaparency: 0
Trace|Resource 1 offset is 15316...
Debug|Encoding resource 1...
Trace|Writing image in Raw mode
Trace|Transparency image...
Trace|Writing image header...
Trace|Width: 60, Height: 85, RowLength: 180
Trace|BPP: 24, PaletteColors: 0, Transaparency: 0
Trace|Resource 2 offset is 30632...
Debug|Encoding resource 2...
Trace|Writing image in Raw mode
Trace|Transparency image...
Trace|Writing image header...
Trace|Width: 60, Height: 85, RowLength: 180
Trace|BPP: 24, PaletteColors: 0, Transaparency: 0
Trace|Resource 3 offset is 45948...
Debug|Encoding resource 3...
Trace|Writing image in Raw mode
Trace|Transparency image...
Trace|Writing image header...
Trace|Width: 60, Height: 85, RowLength: 180
Trace|BPP: 24, PaletteColors: 0, Transaparency: 0
Trace|Resource 4 offset is 61264...
Debug|Encoding resource 4...
Trace|Writing image in Raw mode
Trace|Transparency image...
Trace|Writing image header...
Trace|Width: 60, Height: 85, RowLength: 180
Trace|BPP: 24, PaletteColors: 0, Transaparency: 0
Trace|Resource 5 offset is 76580...
Debug|Encoding resource 5...
Trace|Writing image in Raw mode
Trace|Transparency image...
Trace|Writing image header...
Trace|Width: 60, Height: 85, RowLength: 180
Trace|BPP: 24, PaletteColors: 0, Transaparency: 0
Trace|Resource 6 offset is 91896...
Debug|Encoding resource 6...
Trace|Writing image in Raw mode
Trace|Transparency image...
Trace|Writing image header...
Trace|Width: 60, Height: 85, RowLength: 180
Trace|BPP: 24, PaletteColors: 0, Transaparency: 0
Trace|Resource 7 offset is 107212...
Debug|Encoding resource 7...
Trace|Writing image in Raw mode
Trace|Transparency image...
Trace|Writing image header...
Trace|Width: 60, Height: 85, RowLength: 180
Trace|BPP: 24, PaletteColors: 0, Transaparency: 0
Trace|Resource 8 offset is 122528...
Debug|Encoding resource 8...
Trace|Writing image in Raw mode
Trace|Transparency image...
Trace|Writing image header...
Trace|Width: 60, Height: 85, RowLength: 180
Trace|BPP: 24, PaletteColors: 0, Transaparency: 0
Trace|Resource 9 offset is 137844...
Debug|Encoding resource 9...
Trace|Writing image in Raw mode
Trace|Transparency image...
Trace|Writing image header...
Trace|Width: 60, Height: 85, RowLength: 180
Trace|BPP: 24, PaletteColors: 0, Transaparency: 0
Trace|Resource 10 offset is 153160...
Debug|Encoding resource 10...
Trace|Writing image in Raw mode
Trace|Transparency image...
Trace|Writing image header...
Trace|Width: 60, Height: 85, RowLength: 180
Trace|BPP: 24, PaletteColors: 0, Transaparency: 0
Trace|Resource 11 offset is 168476...
Debug|Encoding resource 11...
Trace|Writing image in Raw mode
Trace|Transparency image...
Trace|Writing image header...
Trace|Width: 60, Height: 85, RowLength: 180
Trace|BPP: 24, PaletteColors: 0, Transaparency: 0
Trace|Resource 12 offset is 183792...
Debug|Encoding resource 12...
Trace|Writing image in Raw mode
Trace|Transparency image...
Trace|Writing image header...
Trace|Width: 60, Height: 85, RowLength: 180
Trace|BPP: 24, PaletteColors: 0, Transaparency: 0
Trace|Resource 13 offset is 199108...
Debug|Encoding resource 13...
Trace|Writing image in Raw mode
Trace|Transparency image...
Trace|Writing image header...
Trace|Width: 60, Height: 85, RowLength: 180
Trace|BPP: 24, PaletteColors: 0, Transaparency: 0
Trace|Resource 14 offset is 214424...
Debug|Encoding resource 14...
Trace|Writing image in Raw mode
Trace|Transparency image...
Trace|Writing image header...
Trace|Width: 60, Height: 85, RowLength: 180
Trace|BPP: 24, PaletteColors: 0, Transaparency: 0
Trace|Resource 15 offset is 229740...
Debug|Encoding resource 15...
Trace|Writing image in Raw mode
Trace|Transparency image...
Trace|Writing image header...
Trace|Width: 60, Height: 85, RowLength: 180
Trace|BPP: 24, PaletteColors: 0, Transaparency: 0
Trace|Resource 16 offset is 245056...
Debug|Encoding resource 16...
Trace|Writing image in Raw mode
Trace|Transparency image...
Trace|Writing image header...
Trace|Width: 60, Height: 85, RowLength: 180
Trace|BPP: 24, PaletteColors: 0, Transaparency: 0
Trace|Resource 17 offset is 260372...
Debug|Encoding resource 17...
Trace|Writing image in Raw mode
Trace|Transparency image...
Trace|Writing image header...
Trace|Width: 60, Height: 85, RowLength: 180
Trace|BPP: 24, PaletteColors: 0, Transaparency: 0
Trace|Resource 18 offset is 275688...
Debug|Encoding resource 18...
Trace|Writing image in Raw mode
Trace|Transparency image...
Trace|Writing image header...
Trace|Width: 60, Height: 85, RowLength: 180
Trace|BPP: 24, PaletteColors: 0, Transaparency: 0
Trace|Resource 19 offset is 291004...
Debug|Encoding resource 19...
Trace|Writing image in Raw mode
Trace|Transparency image...
Trace|Writing image header...
Trace|Width: 60, Height: 85, RowLength: 180
Trace|BPP: 24, PaletteColors: 0, Transaparency: 0
Trace|Resource 20 offset is 306320...
Debug|Encoding resource 20...
Trace|Writing image in Raw mode
Trace|Transparency image...
Trace|Writing image header...
Trace|Width: 30, Height: 42, RowLength: 90
Trace|BPP: 24, PaletteColors: 0, Transaparency: 0
Trace|Resource 21 offset is 310116...
Debug|Encoding resource 21...
Trace|Writing image in Raw mode
Trace|Transparency image...
Trace|Writing image header...
Trace|Width: 30, Height: 42, RowLength: 90
Trace|BPP: 24, PaletteColors: 0, Transaparency: 0
Trace|Resource 22 offset is 313912...
Debug|Encoding resource 22...
Trace|Writing image in Raw mode
Trace|Transparency image...
Trace|Writing image header...
Trace|Width: 30, Height: 42, RowLength: 90
Trace|BPP: 24, PaletteColors: 0, Transaparency: 0
Trace|Resource 23 offset is 317708...
Debug|Encoding resource 23...
Trace|Writing image in Raw mode
Trace|Transparency image...
Trace|Writing image header...
Trace|Width: 30, Height: 42, RowLength: 90
Trace|BPP: 24, PaletteColors: 0, Transaparency: 0
Trace|Resource 24 offset is 321504...
Debug|Encoding resource 24...
Trace|Writing image in Raw mode
Trace|Transparency image...
Trace|Writing image header...
Trace|Width: 30, Height: 42, RowLength: 90
Trace|BPP: 24, PaletteColors: 0, Transaparency: 0
Trace|Resource 25 offset is 325300...
Debug|Encoding resource 25...
Trace|Writing image in Raw mode
Trace|Transparency image...
Trace|Writing image header...
Trace|Width: 30, Height: 42, RowLength: 90
Trace|BPP: 24, PaletteColors: 0, Transaparency: 0
Trace|Resource 26 offset is 329096...
Debug|Encoding resource 26...
Trace|Writing image in Raw mode
Trace|Transparency image...
Trace|Writing image header...
Trace|Width: 30, Height: 42, RowLength: 90
Trace|BPP: 24, PaletteColors: 0, Transaparency: 0
Trace|Resource 27 offset is 332892...
Debug|Encoding resource 27...
Trace|Writing image in Raw mode
Trace|Transparency image...
Trace|Writing image header...
Trace|Width: 30, Height: 42, RowLength: 90
Trace|BPP: 24, PaletteColors: 0, Transaparency: 0
Trace|Resource 28 offset is 336688...
Debug|Encoding resource 28...
Trace|Writing image in Raw mode
Trace|Transparency image...
Trace|Writing image header...
Trace|Width: 30, Height: 42, RowLength: 90
Trace|BPP: 24, PaletteColors: 0, Transaparency: 0
Trace|Resource 29 offset is 340484...
Debug|Encoding resource 29...
Trace|Writing image in Raw mode
Trace|Transparency image...
Trace|Writing image header...
Trace|Width: 30, Height: 42, RowLength: 90
Trace|BPP: 24, PaletteColors: 0, Transaparency: 0
Trace|Resource 30 offset is 344280...
Debug|Encoding resource 30...
Trace|Writing image in Raw mode
Trace|Transparency image...
Trace|Writing image header...
Trace|Width: 24, Height: 42, RowLength: 72
Trace|BPP: 24, PaletteColors: 0, Transaparency: 0
Trace|Resource 31 offset is 347320...
Debug|Encoding resource 31...
Trace|Writing image in Raw mode
Trace|Transparency image...
Trace|Writing image header...
Trace|Width: 24, Height: 42, RowLength: 72
Trace|BPP: 24, PaletteColors: 0, Transaparency: 0
Trace|Resource 32 offset is 350360...
Debug|Encoding resource 32...
Trace|Writing image in Raw mode
Trace|Transparency image...
Trace|Writing image header...
Trace|Width: 24, Height: 42, RowLength: 72
Trace|BPP: 24, PaletteColors: 0, Transaparency: 0
Trace|Resource 33 offset is 353400...
Debug|Encoding resource 33...
Trace|Writing image in Raw mode
Trace|Transparency image...
Trace|Writing image header...
Trace|Width: 24, Height: 42, RowLength: 72
Trace|BPP: 24, PaletteColors: 0, Transaparency: 0
Trace|Resource 34 offset is 356440...
Debug|Encoding resource 34...
Trace|Writing image in Raw mode
Trace|Transparency image...
Trace|Writing image header...
Trace|Width: 24, Height: 42, RowLength: 72
Trace|BPP: 24, PaletteColors: 0, Transaparency: 0
Trace|Resource 35 offset is 359480...
Debug|Encoding resource 35...
Trace|Writing image in Raw mode
Trace|Transparency image...
Trace|Writing image header...
Trace|Width: 24, Height: 42, RowLength: 72
Trace|BPP: 24, PaletteColors: 0, Transaparency: 0
Trace|Resource 36 offset is 362520...
Debug|Encoding resource 36...
Trace|Writing image in Raw mode
Trace|Transparency image...
Trace|Writing image header...
Trace|Width: 24, Height: 42, RowLength: 72
Trace|BPP: 24, PaletteColors: 0, Transaparency: 0
Trace|Resource 37 offset is 365560...
Debug|Encoding resource 37...
Trace|Writing image in Raw mode
Trace|Transparency image...
Trace|Writing image header...
Trace|Width: 24, Height: 42, RowLength: 72
Trace|BPP: 24, PaletteColors: 0, Transaparency: 0
Trace|Resource 38 offset is 368600...
Debug|Encoding resource 38...
Trace|Writing image in Raw mode
Trace|Transparency image...
Trace|Writing image header...
Trace|Width: 24, Height: 42, RowLength: 72
Trace|BPP: 24, PaletteColors: 0, Transaparency: 0
Trace|Resource 39 offset is 371640...
Debug|Encoding resource 39...
Trace|Writing image in Raw mode
Trace|Transparency image...
Trace|Writing image header...
Trace|Width: 24, Height: 42, RowLength: 72
Trace|BPP: 24, PaletteColors: 0, Transaparency: 0
Trace|Resource 40 offset is 374680...
Debug|Encoding resource 40...
Trace|Writing image in Raw mode
Trace|No Transparency image...
Trace|Writing image header...
Trace|Width: 128, Height: 2, RowLength: 256
Trace|BPP: 16, PaletteColors: 0, Transaparency: 0
Trace|Writing image...
Trace|Resource 41 offset is 375208...
Debug|Encoding resource 41...
Trace|Writing image in Raw mode
Trace|No Transparency image...
Trace|Writing image header...
Trace|Width: 128, Height: 2, RowLength: 256
Trace|BPP: 16, PaletteColors: 0, Transaparency: 0
Trace|Writing image...
Trace|Resource 42 offset is 375736...
Debug|Encoding resource 42...
Trace|Writing image in Raw mode
Trace|No Transparency image...
Trace|Writing image header...
Trace|Width: 128, Height: 2, RowLength: 256
Trace|BPP: 16, PaletteColors: 0, Transaparency: 0
Trace|Writing image...
Trace|Resource 43 offset is 376264...
Debug|Encoding resource 43...
Trace|Writing image in Raw mode
Trace|No Transparency image...
Trace|Writing image header...
Trace|Width: 128, Height: 2, RowLength: 256
Trace|BPP: 16, PaletteColors: 0, Transaparency: 0
Trace|Writing image...
Trace|Resource 44 offset is 376792...
Debug|Encoding resource 44...
Trace|Writing image in Raw mode
Trace|No Transparency image...
Trace|Writing image header...
Trace|Width: 128, Height: 2, RowLength: 256
Trace|BPP: 16, PaletteColors: 0, Transaparency: 0
Trace|Writing image...
Trace|Resource 45 offset is 377320...
Debug|Encoding resource 45...
Trace|Writing image in Raw mode
Trace|No Transparency image...
Trace|Writing image header...
Trace|Width: 128, Height: 2, RowLength: 256
Trace|BPP: 16, PaletteColors: 0, Transaparency: 0
Trace|Writing image...
Trace|Resource 46 offset is 377848...
Debug|Encoding resource 46...
Trace|Writing image in Raw mode
Trace|No Transparency image...
Trace|Writing image header...
Trace|Width: 128, Height: 2, RowLength: 256
Trace|BPP: 16, PaletteColors: 0, Transaparency: 0
Trace|Writing image...
Trace|Resource 47 offset is 378376...
Debug|Encoding resource 47...
Trace|Writing image in Raw mode
Trace|No Transparency image...
Trace|Writing image header...
Trace|Width: 128, Height: 2, RowLength: 256
Trace|BPP: 16, PaletteColors: 0, Transaparency: 0
Trace|Writing image...
Trace|Resource 48 offset is 378904...
Debug|Encoding resource 48...
Trace|Writing image in Raw mode
Trace|No Transparency image...
Trace|Writing image header...
Trace|Width: 128, Height: 2, RowLength: 256
Trace|BPP: 16, PaletteColors: 0, Transaparency: 0
Trace|Writing image...
Trace|Resource 49 offset is 379432...
Debug|Encoding resource 49...
Trace|Writing image in Raw mode
Trace|No Transparency image...
Trace|Writing image header...
Trace|Width: 128, Height: 2, RowLength: 256
Trace|BPP: 16, PaletteColors: 0, Transaparency: 0
Trace|Writing image...
Trace|Writing resources offsets table
Debug|Writing resources
