Debug|Opening watch face 'C:\cygwin64\home\Alexander_Pruss\miband5\miband5_packed.bin'
Debug|Reading parameters...
Trace|Reading header...
Trace|Header was read:
Trace|Signature: UIHH, Unknown: 16777215, ParametersSize: 24, IsValid: True
Trace|Reading parameter offsets...
Trace|Parameter offsets were read from file
Trace|Reading parameters descriptor...
Trace|1 (0A): 4 bytes
Trace|    1 (08): 98 (62)
Trace|    2 (10): 22 (16)
Trace|Parameters descriptor was read:
Trace|ParametrsTableLength: 98, ImagesCount: 22
Trace|Reading parameters locations...
Trace|2 (12): 4 bytes
Trace|    1 (08): 0 (00)
Trace|    2 (10): 2 (02)
Trace|3 (1A): 4 bytes
Trace|    1 (08): 2 (02)
Trace|    2 (10): 46 (2E)
Trace|4 (22): 4 bytes
Trace|    1 (08): 48 (30)
Trace|    2 (10): 50 (32)
Trace|Watch face parameters locations were read:
Trace|Reading descriptor for parameter 2
Trace|Descriptor offset: 0, Descriptor length: 2
Trace|Parsing descriptor for parameter 2...
Trace|2 (10): 0 (00)
Trace|Reading descriptor for parameter 3
Trace|Descriptor offset: 2, Descriptor length: 46
Trace|Parsing descriptor for parameter 3...
Trace|1 (0A): 20 bytes
Trace|    1 (0A): 8 bytes
Trace|        1 (08): 3 (03)
Trace|        2 (10): 0 (00)
Trace|        3 (18): 10 (0A)
Trace|        4 (20): 10 (0A)
Trace|    2 (12): 8 bytes
Trace|        1 (08): 63 (3F)
Trace|        2 (10): 0 (00)
Trace|        3 (18): 0 (00)
Trace|        4 (20): 10 (0A)
Trace|2 (12): 20 bytes
Trace|    1 (0A): 8 bytes
Trace|        1 (08): 3 (03)
Trace|        2 (10): 90 (5A)
Trace|        3 (18): 0 (00)
Trace|        4 (20): 10 (0A)
Trace|    2 (12): 8 bytes
Trace|        1 (08): 63 (3F)
Trace|        2 (10): 90 (5A)
Trace|        3 (18): 0 (00)
Trace|        4 (20): 10 (0A)
Trace|11 (58): 0 (00)
Trace|Reading descriptor for parameter 4
Trace|Descriptor offset: 48, Descriptor length: 50
Trace|Parsing descriptor for parameter 4...
Trace|1 (0A): 22 bytes
Trace|    1 (0A): 20 bytes
Trace|        1 (08): 23 (17)
Trace|        2 (10): 193 (C1)
Trace|        3 (18): 24 (18)
Trace|        4 (20): 194 (C2)
Trace|        5 (28): 72 (48)
Trace|        6 (30): 0 (00)
Trace|        7 (38): 0 (00)
Trace|        8 (40): 20 (14)
Trace|        9 (48): 1 (01)
Trace|4 (22): 22 bytes
Trace|    1 (0A): 20 bytes
Trace|        1 (08): 17 (11)
Trace|        2 (10): 238 (EE)
Trace|        3 (18): 18 (12)
Trace|        4 (20): 239 (EF)
Trace|        5 (28): 72 (48)
Trace|        6 (30): 0 (00)
Trace|        7 (38): 0 (00)
Trace|        8 (40): 21 (15)
Trace|        9 (48): 1 (01)
Trace|7 (38): 0 (00)
Trace|Reading resources offsets table with 22 elements (88 bytes)
Debug|Reading 22 resources...
Trace|Resource 0 offset: 297, length: 15316...
Debug|Reading resource 0...
Trace|Color bit encoding: 27
Trace|Reading image header...
Trace|Image header was read:
Trace|Width: 60, Height: 85, RowLength: 180
Trace|BPP: 24, PaletteColors: 0, Transaparency: False
Trace|The image doesn't use a palette.
Trace|Resource 1 offset: 15613, length: 15316...
Debug|Reading resource 1...
Trace|Color bit encoding: 27
Trace|Reading image header...
Trace|Image header was read:
Trace|Width: 60, Height: 85, RowLength: 180
Trace|BPP: 24, PaletteColors: 0, Transaparency: False
Trace|The image doesn't use a palette.
Trace|Resource 2 offset: 30929, length: 15316...
Debug|Reading resource 2...
Trace|Color bit encoding: 27
Trace|Reading image header...
Trace|Image header was read:
Trace|Width: 60, Height: 85, RowLength: 180
Trace|BPP: 24, PaletteColors: 0, Transaparency: False
Trace|The image doesn't use a palette.
Trace|Resource 3 offset: 46245, length: 15316...
Debug|Reading resource 3...
Trace|Color bit encoding: 27
Trace|Reading image header...
Trace|Image header was read:
Trace|Width: 60, Height: 85, RowLength: 180
Trace|BPP: 24, PaletteColors: 0, Transaparency: False
Trace|The image doesn't use a palette.
Trace|Resource 4 offset: 61561, length: 15316...
Debug|Reading resource 4...
Trace|Color bit encoding: 27
Trace|Reading image header...
Trace|Image header was read:
Trace|Width: 60, Height: 85, RowLength: 180
Trace|BPP: 24, PaletteColors: 0, Transaparency: False
Trace|The image doesn't use a palette.
Trace|Resource 5 offset: 76877, length: 15316...
Debug|Reading resource 5...
Trace|Color bit encoding: 27
Trace|Reading image header...
Trace|Image header was read:
Trace|Width: 60, Height: 85, RowLength: 180
Trace|BPP: 24, PaletteColors: 0, Transaparency: False
Trace|The image doesn't use a palette.
Trace|Resource 6 offset: 92193, length: 15316...
Debug|Reading resource 6...
Trace|Color bit encoding: 27
Trace|Reading image header...
Trace|Image header was read:
Trace|Width: 60, Height: 85, RowLength: 180
Trace|BPP: 24, PaletteColors: 0, Transaparency: False
Trace|The image doesn't use a palette.
Trace|Resource 7 offset: 107509, length: 15316...
Debug|Reading resource 7...
Trace|Color bit encoding: 27
Trace|Reading image header...
Trace|Image header was read:
Trace|Width: 60, Height: 85, RowLength: 180
Trace|BPP: 24, PaletteColors: 0, Transaparency: False
Trace|The image doesn't use a palette.
Trace|Resource 8 offset: 122825, length: 15316...
Debug|Reading resource 8...
Trace|Color bit encoding: 27
Trace|Reading image header...
Trace|Image header was read:
Trace|Width: 60, Height: 85, RowLength: 180
Trace|BPP: 24, PaletteColors: 0, Transaparency: False
Trace|The image doesn't use a palette.
Trace|Resource 9 offset: 138141, length: 15316...
Debug|Reading resource 9...
Trace|Color bit encoding: 27
Trace|Reading image header...
Trace|Image header was read:
Trace|Width: 60, Height: 85, RowLength: 180
Trace|BPP: 24, PaletteColors: 0, Transaparency: False
Trace|The image doesn't use a palette.
Trace|Resource 10 offset: 153457, length: 15316...
Debug|Reading resource 10...
Trace|Color bit encoding: 27
Trace|Reading image header...
Trace|Image header was read:
Trace|Width: 60, Height: 85, RowLength: 180
Trace|BPP: 24, PaletteColors: 0, Transaparency: False
Trace|The image doesn't use a palette.
Trace|Resource 11 offset: 168773, length: 15316...
Debug|Reading resource 11...
Trace|Color bit encoding: 27
Trace|Reading image header...
Trace|Image header was read:
Trace|Width: 60, Height: 85, RowLength: 180
Trace|BPP: 24, PaletteColors: 0, Transaparency: False
Trace|The image doesn't use a palette.
Trace|Resource 12 offset: 184089, length: 15316...
Debug|Reading resource 12...
Trace|Color bit encoding: 27
Trace|Reading image header...
Trace|Image header was read:
Trace|Width: 60, Height: 85, RowLength: 180
Trace|BPP: 24, PaletteColors: 0, Transaparency: False
Trace|The image doesn't use a palette.
Trace|Resource 13 offset: 199405, length: 15316...
Debug|Reading resource 13...
Trace|Color bit encoding: 27
Trace|Reading image header...
Trace|Image header was read:
Trace|Width: 60, Height: 85, RowLength: 180
Trace|BPP: 24, PaletteColors: 0, Transaparency: False
Trace|The image doesn't use a palette.
Trace|Resource 14 offset: 214721, length: 15316...
Debug|Reading resource 14...
Trace|Color bit encoding: 27
Trace|Reading image header...
Trace|Image header was read:
Trace|Width: 60, Height: 85, RowLength: 180
Trace|BPP: 24, PaletteColors: 0, Transaparency: False
Trace|The image doesn't use a palette.
Trace|Resource 15 offset: 230037, length: 15316...
Debug|Reading resource 15...
Trace|Color bit encoding: 27
Trace|Reading image header...
Trace|Image header was read:
Trace|Width: 60, Height: 85, RowLength: 180
Trace|BPP: 24, PaletteColors: 0, Transaparency: False
Trace|The image doesn't use a palette.
Trace|Resource 16 offset: 245353, length: 15316...
Debug|Reading resource 16...
Trace|Color bit encoding: 27
Trace|Reading image header...
Trace|Image header was read:
Trace|Width: 60, Height: 85, RowLength: 180
Trace|BPP: 24, PaletteColors: 0, Transaparency: False
Trace|The image doesn't use a palette.
Trace|Resource 17 offset: 260669, length: 15316...
Debug|Reading resource 17...
Trace|Color bit encoding: 27
Trace|Reading image header...
Trace|Image header was read:
Trace|Width: 60, Height: 85, RowLength: 180
Trace|BPP: 24, PaletteColors: 0, Transaparency: False
Trace|The image doesn't use a palette.
Trace|Resource 18 offset: 275985, length: 15316...
Debug|Reading resource 18...
Trace|Color bit encoding: 27
Trace|Reading image header...
Trace|Image header was read:
Trace|Width: 60, Height: 85, RowLength: 180
Trace|BPP: 24, PaletteColors: 0, Transaparency: False
Trace|The image doesn't use a palette.
Trace|Resource 19 offset: 291301, length: 15316...
Debug|Reading resource 19...
Trace|Color bit encoding: 27
Trace|Reading image header...
Trace|Image header was read:
Trace|Width: 60, Height: 85, RowLength: 180
Trace|BPP: 24, PaletteColors: 0, Transaparency: False
Trace|The image doesn't use a palette.
Trace|Resource 20 offset: 306617, length: 1696...
Debug|Reading resource 20...
Trace|Color bit encoding: 27
Trace|Reading image header...
Trace|Image header was read:
Trace|Width: 20, Height: 28, RowLength: 60
Trace|BPP: 24, PaletteColors: 0, Transaparency: False
Trace|The image doesn't use a palette.
Trace|Resource 21 offset: 308313, length: 3796...
Debug|Reading resource 21...
Trace|Color bit encoding: 27
Trace|Reading image header...
Trace|Image header was read:
Trace|Width: 30, Height: 42, RowLength: 90
Trace|BPP: 24, PaletteColors: 0, Transaparency: False
Trace|The image doesn't use a palette.
Debug|Parsing parameters...
Trace|2 'Background'
Trace|2.2 'BackgroundColor': 0
Trace|3 'Time'
Trace|3.1 'Hours'
Trace|3.1.1 'Tens'
Trace|3.1.1.1 'X': 3
Trace|3.1.1.2 'Y': 0
Trace|3.1.1.3 'ImageIndex': 10
Trace|3.1.1.4 'ImagesCount': 10
Trace|3.1.2 'Ones'
Trace|3.1.2.1 'X': 63
Trace|3.1.2.2 'Y': 0
Trace|3.1.2.3 'ImageIndex': 0
Trace|3.1.2.4 'ImagesCount': 10
Trace|3.2 'Minutes'
Trace|3.2.1 'Tens'
Trace|3.2.1.1 'X': 3
Trace|3.2.1.2 'Y': 90
Trace|3.2.1.3 'ImageIndex': 0
Trace|3.2.1.4 'ImagesCount': 10
Trace|3.2.2 'Ones'
Trace|3.2.2.1 'X': 63
Trace|3.2.2.2 'Y': 90
Trace|3.2.2.3 'ImageIndex': 0
Trace|3.2.2.4 'ImagesCount': 10
Trace|3.11 'UnknownV11': 0
Trace|4 'Activity'
Trace|4.1 'Steps'
Trace|4.1.1 'Number'
Trace|4.1.1.1 'TopLeftX': 23
Trace|4.1.1.2 'TopLeftY': 193
Trace|4.1.1.3 'BottomRightX': 24
Trace|4.1.1.4 'BottomRightY': 194
Trace|4.1.1.5 'Alignment': 72
Trace|4.1.1.6 'SpacingX': 0
Trace|4.1.1.7 'SpacingY': 0
Trace|4.1.1.8 'ImageIndex': 20
Trace|4.1.1.9 'ImagesCount': 1
Trace|4.4 'Pulse'
Trace|4.4.1 'Number'
Trace|4.4.1.1 'TopLeftX': 17
Trace|4.4.1.2 'TopLeftY': 238
Trace|4.4.1.3 'BottomRightX': 18
Trace|4.4.1.4 'BottomRightY': 239
Trace|4.4.1.5 'Alignment': 72
Trace|4.4.1.6 'SpacingX': 0
Trace|4.4.1.7 'SpacingY': 0
Trace|4.4.1.8 'ImageIndex': 21
Trace|4.4.1.9 'ImagesCount': 1
Trace|4.7 'UnknownV7': 0
Debug|Generating previews...
Debug|Exporting resources to 'C:\cygwin64\home\Alexander_Pruss\miband5\miband5_packed'
Debug|Extracting C:\cygwin64\home\Alexander_Pruss\miband5\miband5_packed\0000.png...
Debug|Extracting C:\cygwin64\home\Alexander_Pruss\miband5\miband5_packed\0001.png...
Debug|Extracting C:\cygwin64\home\Alexander_Pruss\miband5\miband5_packed\0002.png...
Debug|Extracting C:\cygwin64\home\Alexander_Pruss\miband5\miband5_packed\0003.png...
Debug|Extracting C:\cygwin64\home\Alexander_Pruss\miband5\miband5_packed\0004.png...
Debug|Extracting C:\cygwin64\home\Alexander_Pruss\miband5\miband5_packed\0005.png...
Debug|Extracting C:\cygwin64\home\Alexander_Pruss\miband5\miband5_packed\0006.png...
Debug|Extracting C:\cygwin64\home\Alexander_Pruss\miband5\miband5_packed\0007.png...
Debug|Extracting C:\cygwin64\home\Alexander_Pruss\miband5\miband5_packed\0008.png...
Debug|Extracting C:\cygwin64\home\Alexander_Pruss\miband5\miband5_packed\0009.png...
Debug|Extracting C:\cygwin64\home\Alexander_Pruss\miband5\miband5_packed\0010.png...
Debug|Extracting C:\cygwin64\home\Alexander_Pruss\miband5\miband5_packed\0011.png...
Debug|Extracting C:\cygwin64\home\Alexander_Pruss\miband5\miband5_packed\0012.png...
Debug|Extracting C:\cygwin64\home\Alexander_Pruss\miband5\miband5_packed\0013.png...
Debug|Extracting C:\cygwin64\home\Alexander_Pruss\miband5\miband5_packed\0014.png...
Debug|Extracting C:\cygwin64\home\Alexander_Pruss\miband5\miband5_packed\0015.png...
Debug|Extracting C:\cygwin64\home\Alexander_Pruss\miband5\miband5_packed\0016.png...
Debug|Extracting C:\cygwin64\home\Alexander_Pruss\miband5\miband5_packed\0017.png...
Debug|Extracting C:\cygwin64\home\Alexander_Pruss\miband5\miband5_packed\0018.png...
Debug|Extracting C:\cygwin64\home\Alexander_Pruss\miband5\miband5_packed\0019.png...
Debug|Extracting C:\cygwin64\home\Alexander_Pruss\miband5\miband5_packed\0020.png...
Debug|Extracting C:\cygwin64\home\Alexander_Pruss\miband5\miband5_packed\0021.png...
Debug|Exporting config...
